Arguments: 
  /home/natalia/.nvm/versions/node/v8.11.1/bin/node /usr/share/yarn/bin/yarn.js init

PATH: 
  /home/natalia/.nvm/versions/node/v8.11.1/bin:/home/natalia/bin:/home/natalia/.local/bin:/usr/local/sbin:/usr/local/bin:/usr/sbin:/usr/bin:/sbin:/bin:/usr/games:/usr/local/games:/snap/bin:/usr/lib/jvm/java-8-oracle/bin:/usr/lib/jvm/java-8-oracle/db/bin:/usr/lib/jvm/java-8-oracle/jre/bin:/usr/local/go/bin:/usr/local/go/bin

Yarn version: 
  1.10.1

Node version: 
  8.11.1

Platform: 
  linux x64

Trace: 
  Error: canceled
      at Interface.<anonymous> (/usr/share/yarn/lib/cli.js:116426:13)
      at emitNone (events.js:106:13)
      at Interface.emit (events.js:208:7)
      at Interface._ttyWrite (readline.js:775:16)
      at ReadStream.onkeypress (readline.js:160:10)
      at emitTwo (events.js:126:13)
      at ReadStream.emit (events.js:214:7)
      at emitKeys (internal/readline.js:420:14)
      at emitKeys.next (<anonymous>)
      at ReadStream.onData (readline.js:1011:36)

npm manifest: 
  {
    "name": "test_module_extension",
    "version": "1.0.0",
    "description": "try extend test_module",
    "main": "map-layer.js",
    "files": [
      "src"
    ],
    "scripts": {
      "test": "echo \"Error: no test specified\" && exit 1"
    },
    "repository": {
      "type": "git",
      "url": "git+https://github.com/natali27/test_module_extension.git"
    },
    "author": "",
    "license": "ISC",
    "bugs": {
      "url": "https://github.com/natali27/test_module_extension/issues"
    },
    "homepage": "https://github.com/natali27/test_module_extension#readme"
  }

yarn manifest: 
  No manifest

Lockfile: 
  No lockfile
